<?xml version="1.0" encoding="UTF-8"?>
<!-- Generated by org.testng.reporters.JUnitReportReporter -->
<testsuite hostname="DESKTOP-IA6TNQP" failures="0" tests="1" name="demo_maven_project.exampleTestScript" time="13.071" errors="0" timestamp="2023-04-28T11:02:02 IST" skipped="0">
  <testcase classname="demo_maven_project.exampleTestScript" name="script" time="13.071"/>
  <system-out/>
</testsuite> <!-- demo_maven_project.exampleTestScript -->
